<?xml version="1.0" encoding="UTF-8"?>
<!-- Generated by org.testng.reporters.JUnitReportReporter -->
<testsuite hostname="DESKTOP-I94TVPU" failures="0" tests="10" name="Hybrid.logincrm" time="55.525" errors="0" timestamp="2022-05-22T16:14:26 IST" skipped="0">
  <testcase classname="Hybrid.logincrm" name="loginApp" time="5.056"/>
  <system-out/>
  <testcase classname="Hybrid.logincrm" name="signupapp" time="7.582"/>
  <system-out/>
  <testcase classname="Hybrid.logincrm" name="searchupapp" time="9.931"/>
  <system-out>
    <![CDATA[Bedsheet Done]]>
  </system-out>
  <testcase classname="Hybrid.logincrm" name="Bedapp" time="10.026"/>
  <system-out>
    <![CDATA[searching Done]]>
  </system-out>
  <testcase classname="Hybrid.logincrm" name="Bedappcart" time="5.076"/>
  <system-out>
    <![CDATA[bedapp Done]]>
  </system-out>
  <testcase classname="Hybrid.logincrm" name="assertions" time="2.818"/>
  <system-out>
    <![CDATA[assertions Done]]>
  </system-out>
  <testcase classname="Hybrid.logincrm" name="tvappcart" time="1.898"/>
  <system-out/>
  <testcase classname="Hybrid.logincrm" name="studyapp" time="11.635"/>
  <system-out/>
  <testcase classname="Hybrid.logincrm" name="aboutapp" time="0.911"/>
  <system-out/>
  <testcase classname="Hybrid.logincrm" name="infoapp" time="0.592"/>
  <system-out/>
</testsuite> <!-- Hybrid.logincrm -->
